app/build/intermediates/manifest_merge_blame_file/release/processReleaseMainManifest/manifest-merger-blame-release-report.txt
1<?xml version="1.0" encoding="utf-8"?>
2<!--
3    Copyright 2019 Google Inc. All Rights Reserved.
4
5     Licensed under the Apache License, Version 2.0 (the "License");
6     you may not use this file except in compliance with the License.
7     You may obtain a copy of the License at
8
9         http://www.apache.org/licenses/LICENSE-2.0
10
11     Unless required by applicable law or agreed to in writing, software
12     distributed under the License is distributed on an "AS IS" BASIS,
13     WITHOUT WARRANTIES OR CONDITIONS OF ANY KIND, either express or implied.
14     See the License for the specific language governing permissions and
15     limitations under the License.
16-->
17<!--
18 The "package" attribute is rewritten by the Gradle build with the value of applicationId.
19     It is still required here, as it is used to derive paths, for instance when referring
20     to an Activity by ".MyActivity" instead of the full name. If more Activities are added to the
21     application, the package attribute will need to reflect the correct path in order to use
22     the abbreviated format.
23-->
24<manifest xmlns:android="http://schemas.android.com/apk/res/android"
25    package="com.shantanu.puzzle2048"
26    android:versionCode="1"
27    android:versionName="1" >
28
29    <uses-sdk
30        android:minSdkVersion="21"
31        android:targetSdkVersion="35" />
32
33    <uses-permission android:name="android.permission.POST_NOTIFICATIONS" />
33-->src\main\AndroidManifest.xml:26:9-80
33-->src\main\AndroidManifest.xml:26:26-78
34    <uses-permission android:name="android.permission.ACCESS_FINE_LOCATION" />
34-->[com.google.androidbrowserhelper:locationdelegation:1.1.2] AndroidManifest.xml:7:5-79
34-->[com.google.androidbrowserhelper:locationdelegation:1.1.2] AndroidManifest.xml:7:22-76
35    <uses-permission android:name="android.permission.ACCESS_COARSE_LOCATION" />
35-->[com.google.androidbrowserhelper:locationdelegation:1.1.2] AndroidManifest.xml:8:5-81
35-->[com.google.androidbrowserhelper:locationdelegation:1.1.2] AndroidManifest.xml:8:22-78
36
37    <queries>
37-->[com.google.androidbrowserhelper:androidbrowserhelper:2.6.2] AndroidManifest.xml:22:5-30:15
38        <intent>
38-->[com.google.androidbrowserhelper:androidbrowserhelper:2.6.2] AndroidManifest.xml:23:9-29:18
39            <action android:name="android.intent.action.VIEW" />
39-->src\main\AndroidManifest.xml:139:17-68
39-->src\main\AndroidManifest.xml:139:25-66
40
41            <category android:name="android.intent.category.BROWSABLE" />
41-->src\main\AndroidManifest.xml:141:17-77
41-->src\main\AndroidManifest.xml:141:27-75
42
43            <data android:scheme="https" />
43-->src\main\AndroidManifest.xml:142:17-147:19
43-->src\main\AndroidManifest.xml:142:23-45
44        </intent>
45    </queries>
46
47    <permission
47-->[androidx.core:core:1.13.0] AndroidManifest.xml:22:5-24:47
48        android:name="com.shantanu.puzzle2048.DYNAMIC_RECEIVER_NOT_EXPORTED_PERMISSION"
48-->[androidx.core:core:1.13.0] AndroidManifest.xml:23:9-81
49        android:protectionLevel="signature" />
49-->[androidx.core:core:1.13.0] AndroidManifest.xml:24:9-44
50
51    <uses-permission android:name="com.shantanu.puzzle2048.DYNAMIC_RECEIVER_NOT_EXPORTED_PERMISSION" />
51-->[androidx.core:core:1.13.0] AndroidManifest.xml:26:5-97
51-->[androidx.core:core:1.13.0] AndroidManifest.xml:26:22-94
52
53    <application
53-->src\main\AndroidManifest.xml:35:5-195:19
54        android:name="com.shantanu.puzzle2048.Application"
54-->src\main\AndroidManifest.xml:36:9-35
55        android:allowBackup="true"
55-->src\main\AndroidManifest.xml:37:9-35
56        android:appComponentFactory="androidx.core.app.CoreComponentFactory"
56-->[androidx.core:core:1.13.0] AndroidManifest.xml:28:18-86
57        android:extractNativeLibs="true"
58        android:icon="@mipmap/ic_launcher"
58-->src\main\AndroidManifest.xml:38:9-43
59        android:label="@string/appName"
59-->src\main\AndroidManifest.xml:39:9-40
60        android:manageSpaceActivity="com.google.androidbrowserhelper.trusted.ManageDataLauncherActivity"
60-->src\main\AndroidManifest.xml:41:9-105
61        android:supportsRtl="true"
61-->src\main\AndroidManifest.xml:43:9-35
62        android:theme="@android:style/Theme.Translucent.NoTitleBar" >
62-->src\main\AndroidManifest.xml:44:9-68
63        <meta-data
63-->src\main\AndroidManifest.xml:46:9-48:58
64            android:name="asset_statements"
64-->src\main\AndroidManifest.xml:47:13-44
65            android:resource="@string/assetStatements" />
65-->src\main\AndroidManifest.xml:48:13-55
66        <meta-data
66-->src\main\AndroidManifest.xml:51:13-53:58
67            android:name="web_manifest_url"
67-->src\main\AndroidManifest.xml:52:17-48
68            android:value="@string/webManifestUrl" />
68-->src\main\AndroidManifest.xml:53:17-55
69        <meta-data
69-->src\main\AndroidManifest.xml:56:9-58:52
70            android:name="twa_generator"
70-->src\main\AndroidManifest.xml:57:13-41
71            android:value="@string/generatorApp" />
71-->src\main\AndroidManifest.xml:58:13-49
72
73        <activity android:name="com.google.androidbrowserhelper.trusted.ManageDataLauncherActivity" >
73-->src\main\AndroidManifest.xml:65:13-69:24
73-->src\main\AndroidManifest.xml:65:23-104
74            <meta-data
74-->src\main\AndroidManifest.xml:66:13-68:53
75                android:name="android.support.customtabs.trusted.MANAGE_SPACE_URL"
75-->src\main\AndroidManifest.xml:67:17-83
76                android:value="@string/launchUrl" />
76-->src\main\AndroidManifest.xml:68:17-50
77        </activity>
78        <activity
78-->src\main\AndroidManifest.xml:72:9-153:20
79            android:name="com.shantanu.puzzle2048.LauncherActivity"
79-->src\main\AndroidManifest.xml:72:19-50
80            android:alwaysRetainTaskState="true"
80-->src\main\AndroidManifest.xml:73:13-49
81            android:exported="true"
81-->src\main\AndroidManifest.xml:75:13-36
82            android:label="@string/launcherName" >
82-->src\main\AndroidManifest.xml:74:13-49
83            <meta-data
83-->src\main\AndroidManifest.xml:76:13-77:53
84                android:name="android.support.customtabs.trusted.DEFAULT_URL"
84-->src\main\AndroidManifest.xml:76:24-85
85                android:value="@string/launchUrl" />
85-->src\main\AndroidManifest.xml:77:17-50
86            <meta-data
86-->src\main\AndroidManifest.xml:79:13-81:58
87                android:name="android.support.customtabs.trusted.STATUS_BAR_COLOR"
87-->src\main\AndroidManifest.xml:80:17-83
88                android:resource="@color/colorPrimary" />
88-->src\main\AndroidManifest.xml:81:17-55
89            <meta-data
89-->src\main\AndroidManifest.xml:85:13-87:62
90                android:name="android.support.customtabs.trusted.STATUS_BAR_COLOR_DARK"
90-->src\main\AndroidManifest.xml:86:17-88
91                android:resource="@color/colorPrimaryDark" />
91-->src\main\AndroidManifest.xml:87:17-59
92            <meta-data
92-->src\main\AndroidManifest.xml:89:13-91:61
93                android:name="android.support.customtabs.trusted.NAVIGATION_BAR_COLOR"
93-->src\main\AndroidManifest.xml:90:17-87
94                android:resource="@color/navigationColor" />
94-->src\main\AndroidManifest.xml:91:17-58
95            <meta-data
95-->src\main\AndroidManifest.xml:93:13-95:65
96                android:name="android.support.customtabs.trusted.NAVIGATION_BAR_COLOR_DARK"
96-->src\main\AndroidManifest.xml:94:17-92
97                android:resource="@color/navigationColorDark" />
97-->src\main\AndroidManifest.xml:95:17-62
98            <meta-data
98-->src\main\AndroidManifest.xml:97:13-99:68
99                android:name="androix.browser.trusted.NAVIGATION_BAR_DIVIDER_COLOR"
99-->src\main\AndroidManifest.xml:98:17-84
100                android:resource="@color/navigationDividerColor" />
100-->src\main\AndroidManifest.xml:99:17-65
101            <meta-data
101-->src\main\AndroidManifest.xml:101:13-103:72
102                android:name="androix.browser.trusted.NAVIGATION_BAR_DIVIDER_COLOR_DARK"
102-->src\main\AndroidManifest.xml:102:17-89
103                android:resource="@color/navigationDividerColorDark" />
103-->src\main\AndroidManifest.xml:103:17-69
104            <meta-data
104-->src\main\AndroidManifest.xml:105:13-106:54
105                android:name="android.support.customtabs.trusted.SPLASH_IMAGE_DRAWABLE"
105-->src\main\AndroidManifest.xml:105:24-95
106                android:resource="@drawable/splash" />
106-->src\main\AndroidManifest.xml:106:17-52
107            <meta-data
107-->src\main\AndroidManifest.xml:108:13-109:60
108                android:name="android.support.customtabs.trusted.SPLASH_SCREEN_BACKGROUND_COLOR"
108-->src\main\AndroidManifest.xml:108:24-104
109                android:resource="@color/backgroundColor" />
109-->src\main\AndroidManifest.xml:109:17-58
110            <meta-data
110-->src\main\AndroidManifest.xml:111:13-112:71
111                android:name="android.support.customtabs.trusted.SPLASH_SCREEN_FADE_OUT_DURATION"
111-->src\main\AndroidManifest.xml:111:24-105
112                android:value="@integer/splashScreenFadeOutDuration" />
112-->src\main\AndroidManifest.xml:112:17-69
113            <meta-data
113-->src\main\AndroidManifest.xml:114:13-115:60
114                android:name="android.support.customtabs.trusted.FILE_PROVIDER_AUTHORITY"
114-->src\main\AndroidManifest.xml:114:24-97
115                android:value="@string/providerAuthority" />
115-->src\main\AndroidManifest.xml:115:17-58
116            <meta-data
116-->src\main\AndroidManifest.xml:117:13-97
117                android:name="android.app.shortcuts"
117-->src\main\AndroidManifest.xml:117:24-60
118                android:resource="@xml/shortcuts" />
118-->src\main\AndroidManifest.xml:117:61-94
119            <meta-data
119-->src\main\AndroidManifest.xml:119:13-120:56
120                android:name="android.support.customtabs.trusted.FALLBACK_STRATEGY"
120-->src\main\AndroidManifest.xml:119:24-91
121                android:value="@string/fallbackType" />
121-->src\main\AndroidManifest.xml:120:17-53
122            <meta-data
122-->src\main\AndroidManifest.xml:126:13-127:54
123                android:name="android.support.customtabs.trusted.SCREEN_ORIENTATION"
123-->src\main\AndroidManifest.xml:126:24-92
124                android:value="@string/orientation" />
124-->src\main\AndroidManifest.xml:127:17-52
125
126            <intent-filter>
126-->src\main\AndroidManifest.xml:133:13-136:29
127                <action android:name="android.intent.action.MAIN" />
127-->src\main\AndroidManifest.xml:134:17-69
127-->src\main\AndroidManifest.xml:134:25-66
128
129                <category android:name="android.intent.category.LAUNCHER" />
129-->src\main\AndroidManifest.xml:135:17-77
129-->src\main\AndroidManifest.xml:135:27-74
130            </intent-filter>
131            <intent-filter android:autoVerify="true" >
131-->src\main\AndroidManifest.xml:138:13-148:29
131-->src\main\AndroidManifest.xml:138:28-53
132                <action android:name="android.intent.action.VIEW" />
132-->src\main\AndroidManifest.xml:139:17-68
132-->src\main\AndroidManifest.xml:139:25-66
133
134                <category android:name="android.intent.category.DEFAULT" />
134-->src\main\AndroidManifest.xml:140:17-76
134-->src\main\AndroidManifest.xml:140:27-73
135                <category android:name="android.intent.category.BROWSABLE" />
135-->src\main\AndroidManifest.xml:141:17-77
135-->src\main\AndroidManifest.xml:141:27-75
136
137                <data
137-->src\main\AndroidManifest.xml:142:17-147:19
138                    android:host="@string/hostName"
138-->src\main\AndroidManifest.xml:143:21-52
139                    android:pathPrefix="/2048-pwa/"
139-->src\main\AndroidManifest.xml:145:21-52
140                    android:scheme="https" />
140-->src\main\AndroidManifest.xml:142:23-45
141            </intent-filter>
142        </activity>
143        <activity android:name="com.google.androidbrowserhelper.trusted.FocusActivity" />
143-->src\main\AndroidManifest.xml:155:9-90
143-->src\main\AndroidManifest.xml:155:19-87
144        <activity
144-->src\main\AndroidManifest.xml:157:9-158:62
145            android:name="com.google.androidbrowserhelper.trusted.WebViewFallbackActivity"
145-->src\main\AndroidManifest.xml:157:19-97
146            android:configChanges="orientation|screenSize" />
146-->src\main\AndroidManifest.xml:158:13-59
147
148        <provider
148-->src\main\AndroidManifest.xml:160:9-168:20
149            android:name="androidx.core.content.FileProvider"
149-->src\main\AndroidManifest.xml:161:13-62
150            android:authorities="@string/providerAuthority"
150-->src\main\AndroidManifest.xml:162:13-60
151            android:exported="false"
151-->src\main\AndroidManifest.xml:164:13-37
152            android:grantUriPermissions="true" >
152-->src\main\AndroidManifest.xml:163:13-47
153            <meta-data
153-->src\main\AndroidManifest.xml:165:13-167:53
154                android:name="android.support.FILE_PROVIDER_PATHS"
154-->src\main\AndroidManifest.xml:166:17-67
155                android:resource="@xml/filepaths" />
155-->src\main\AndroidManifest.xml:167:17-50
156        </provider>
157
158        <service
158-->src\main\AndroidManifest.xml:170:9-185:19
159            android:name="com.shantanu.puzzle2048.DelegationService"
159-->src\main\AndroidManifest.xml:171:13-46
160            android:enabled="@bool/enableNotification"
160-->src\main\AndroidManifest.xml:172:13-55
161            android:exported="@bool/enableNotification" >
161-->src\main\AndroidManifest.xml:173:13-56
162            <meta-data
162-->src\main\AndroidManifest.xml:176:17-178:73
163                android:name="android.support.customtabs.trusted.SMALL_ICON"
163-->src\main\AndroidManifest.xml:177:21-81
164                android:resource="@drawable/ic_notification_icon" />
164-->src\main\AndroidManifest.xml:178:21-70
165
166            <intent-filter>
166-->src\main\AndroidManifest.xml:181:13-184:29
167                <action android:name="android.support.customtabs.trusted.TRUSTED_WEB_ACTIVITY_SERVICE" />
167-->src\main\AndroidManifest.xml:182:17-105
167-->src\main\AndroidManifest.xml:182:25-103
168
169                <category android:name="android.intent.category.DEFAULT" />
169-->src\main\AndroidManifest.xml:140:17-76
169-->src\main\AndroidManifest.xml:140:27-73
170            </intent-filter>
171        </service>
172
173        <activity android:name="com.google.androidbrowserhelper.trusted.NotificationPermissionRequestActivity" />
173-->src\main\AndroidManifest.xml:188:13-118
173-->src\main\AndroidManifest.xml:188:23-115
174        <activity android:name="com.google.androidbrowserhelper.locationdelegation.PermissionRequestActivity" />
174-->src\main\AndroidManifest.xml:192:13-193:89
174-->src\main\AndroidManifest.xml:192:23-123
175        <activity
175-->[com.google.android.gms:play-services-base:18.1.0] AndroidManifest.xml:20:9-22:45
176            android:name="com.google.android.gms.common.api.GoogleApiActivity"
176-->[com.google.android.gms:play-services-base:18.1.0] AndroidManifest.xml:20:19-85
177            android:exported="false"
177-->[com.google.android.gms:play-services-base:18.1.0] AndroidManifest.xml:22:19-43
178            android:theme="@android:style/Theme.Translucent.NoTitleBar" />
178-->[com.google.android.gms:play-services-base:18.1.0] AndroidManifest.xml:21:19-78
179
180        <meta-data
180-->[com.google.android.gms:play-services-basement:18.1.0] AndroidManifest.xml:21:9-23:69
181            android:name="com.google.android.gms.version"
181-->[com.google.android.gms:play-services-basement:18.1.0] AndroidManifest.xml:22:13-58
182            android:value="@integer/google_play_services_version" />
182-->[com.google.android.gms:play-services-basement:18.1.0] AndroidManifest.xml:23:13-66
183
184        <provider
184-->[androidx.emoji2:emoji2:1.3.0] AndroidManifest.xml:24:9-32:20
185            android:name="androidx.startup.InitializationProvider"
185-->[androidx.emoji2:emoji2:1.3.0] AndroidManifest.xml:25:13-67
186            android:authorities="com.shantanu.puzzle2048.androidx-startup"
186-->[androidx.emoji2:emoji2:1.3.0] AndroidManifest.xml:26:13-68
187            android:exported="false" >
187-->[androidx.emoji2:emoji2:1.3.0] AndroidManifest.xml:27:13-37
188            <meta-data
188-->[androidx.emoji2:emoji2:1.3.0] AndroidManifest.xml:29:13-31:52
189                android:name="androidx.emoji2.text.EmojiCompatInitializer"
189-->[androidx.emoji2:emoji2:1.3.0] AndroidManifest.xml:30:17-75
190                android:value="androidx.startup" />
190-->[androidx.emoji2:emoji2:1.3.0] AndroidManifest.xml:31:17-49
191            <meta-data
191-->[androidx.lifecycle:lifecycle-process:2.6.2] AndroidManifest.xml:29:13-31:52
192                android:name="androidx.lifecycle.ProcessLifecycleInitializer"
192-->[androidx.lifecycle:lifecycle-process:2.6.2] AndroidManifest.xml:30:17-78
193                android:value="androidx.startup" />
193-->[androidx.lifecycle:lifecycle-process:2.6.2] AndroidManifest.xml:31:17-49
194            <meta-data
194-->[androidx.profileinstaller:profileinstaller:1.3.1] AndroidManifest.xml:29:13-31:52
195                android:name="androidx.profileinstaller.ProfileInstallerInitializer"
195-->[androidx.profileinstaller:profileinstaller:1.3.1] AndroidManifest.xml:30:17-85
196                android:value="androidx.startup" />
196-->[androidx.profileinstaller:profileinstaller:1.3.1] AndroidManifest.xml:31:17-49
197        </provider>
198
199        <receiver
199-->[androidx.profileinstaller:profileinstaller:1.3.1] AndroidManifest.xml:34:9-52:20
200            android:name="androidx.profileinstaller.ProfileInstallReceiver"
200-->[androidx.profileinstaller:profileinstaller:1.3.1] AndroidManifest.xml:35:13-76
201            android:directBootAware="false"
201-->[androidx.profileinstaller:profileinstaller:1.3.1] AndroidManifest.xml:36:13-44
202            android:enabled="true"
202-->[androidx.profileinstaller:profileinstaller:1.3.1] AndroidManifest.xml:37:13-35
203            android:exported="true"
203-->[androidx.profileinstaller:profileinstaller:1.3.1] AndroidManifest.xml:38:13-36
204            android:permission="android.permission.DUMP" >
204-->[androidx.profileinstaller:profileinstaller:1.3.1] AndroidManifest.xml:39:13-57
205            <intent-filter>
205-->[androidx.profileinstaller:profileinstaller:1.3.1] AndroidManifest.xml:40:13-42:29
206                <action android:name="androidx.profileinstaller.action.INSTALL_PROFILE" />
206-->[androidx.profileinstaller:profileinstaller:1.3.1] AndroidManifest.xml:41:17-91
206-->[androidx.profileinstaller:profileinstaller:1.3.1] AndroidManifest.xml:41:25-88
207            </intent-filter>
208            <intent-filter>
208-->[androidx.profileinstaller:profileinstaller:1.3.1] AndroidManifest.xml:43:13-45:29
209                <action android:name="androidx.profileinstaller.action.SKIP_FILE" />
209-->[androidx.profileinstaller:profileinstaller:1.3.1] AndroidManifest.xml:44:17-85
209-->[androidx.profileinstaller:profileinstaller:1.3.1] AndroidManifest.xml:44:25-82
210            </intent-filter>
211            <intent-filter>
211-->[androidx.profileinstaller:profileinstaller:1.3.1] AndroidManifest.xml:46:13-48:29
212                <action android:name="androidx.profileinstaller.action.SAVE_PROFILE" />
212-->[androidx.profileinstaller:profileinstaller:1.3.1] AndroidManifest.xml:47:17-88
212-->[androidx.profileinstaller:profileinstaller:1.3.1] AndroidManifest.xml:47:25-85
213            </intent-filter>
214            <intent-filter>
214-->[androidx.profileinstaller:profileinstaller:1.3.1] AndroidManifest.xml:49:13-51:29
215                <action android:name="androidx.profileinstaller.action.BENCHMARK_OPERATION" />
215-->[androidx.profileinstaller:profileinstaller:1.3.1] AndroidManifest.xml:50:17-95
215-->[androidx.profileinstaller:profileinstaller:1.3.1] AndroidManifest.xml:50:25-92
216            </intent-filter>
217        </receiver>
218    </application>
219
220</manifest>